<?xml version="1.0" encoding="UTF-8"?>
<testsuite xmlns:xsi="http://www.w3.org/2001/XMLSchema-instance" xsi:noNamespaceSchemaLocation="https://maven.apache.org/surefire/maven-surefire-plugin/xsd/surefire-test-report-3.0.xsd" version="3.0" name="com.example.ToDoList.ToDoListApplicationTests" time="4.695" tests="1" errors="0" skipped="0" failures="0">
  <properties>
    <property name="java.specification.version" value="21"/>
    <property name="sun.jnu.encoding" value="UTF-8"/>
    <property name="java.class.path" value="/home/shashanknadikatla/Downloads/Practice/heroku/Github Repos/todo-spring/target/test-classes:/home/shashanknadikatla/Downloads/Practice/heroku/Github Repos/todo-spring/target/classes:/home/shashanknadikatla/.m2/repository/org/springframework/boot/spring-boot-starter-data-mongodb/3.3.1/spring-boot-starter-data-mongodb-3.3.1.jar:/home/shashanknadikatla/.m2/repository/org/springframework/boot/spring-boot-starter/3.3.1/spring-boot-starter-3.3.1.jar:/home/shashanknadikatla/.m2/repository/org/springframework/boot/spring-boot/3.3.1/spring-boot-3.3.1.jar:/home/shashanknadikatla/.m2/repository/org/springframework/boot/spring-boot-autoconfigure/3.3.1/spring-boot-autoconfigure-3.3.1.jar:/home/shashanknadikatla/.m2/repository/org/springframework/boot/spring-boot-starter-logging/3.3.1/spring-boot-starter-logging-3.3.1.jar:/home/shashanknadikatla/.m2/repository/ch/qos/logback/logback-classic/1.5.6/logback-classic-1.5.6.jar:/home/shashanknadikatla/.m2/repository/ch/qos/logback/logback-core/1.5.6/logback-core-1.5.6.jar:/home/shashanknadikatla/.m2/repository/org/apache/logging/log4j/log4j-to-slf4j/2.23.1/log4j-to-slf4j-2.23.1.jar:/home/shashanknadikatla/.m2/repository/org/apache/logging/log4j/log4j-api/2.23.1/log4j-api-2.23.1.jar:/home/shashanknadikatla/.m2/repository/org/slf4j/jul-to-slf4j/2.0.13/jul-to-slf4j-2.0.13.jar:/home/shashanknadikatla/.m2/repository/jakarta/annotation/jakarta.annotation-api/2.1.1/jakarta.annotation-api-2.1.1.jar:/home/shashanknadikatla/.m2/repository/org/yaml/snakeyaml/2.2/snakeyaml-2.2.jar:/home/shashanknadikatla/.m2/repository/org/mongodb/mongodb-driver-sync/5.0.1/mongodb-driver-sync-5.0.1.jar:/home/shashanknadikatla/.m2/repository/org/mongodb/bson/5.0.1/bson-5.0.1.jar:/home/shashanknadikatla/.m2/repository/org/mongodb/mongodb-driver-core/5.0.1/mongodb-driver-core-5.0.1.jar:/home/shashanknadikatla/.m2/repository/org/mongodb/bson-record-codec/5.0.1/bson-record-codec-5.0.1.jar:/home/shashanknadikatla/.m2/repository/org/springframework/data/spring-data-mongodb/4.3.1/spring-data-mongodb-4.3.1.jar:/home/shashanknadikatla/.m2/repository/org/springframework/spring-tx/6.1.10/spring-tx-6.1.10.jar:/home/shashanknadikatla/.m2/repository/org/springframework/spring-context/6.1.10/spring-context-6.1.10.jar:/home/shashanknadikatla/.m2/repository/org/springframework/spring-beans/6.1.10/spring-beans-6.1.10.jar:/home/shashanknadikatla/.m2/repository/org/springframework/spring-expression/6.1.10/spring-expression-6.1.10.jar:/home/shashanknadikatla/.m2/repository/org/springframework/data/spring-data-commons/3.3.1/spring-data-commons-3.3.1.jar:/home/shashanknadikatla/.m2/repository/org/slf4j/slf4j-api/2.0.13/slf4j-api-2.0.13.jar:/home/shashanknadikatla/.m2/repository/org/springframework/boot/spring-boot-starter-web/3.3.1/spring-boot-starter-web-3.3.1.jar:/home/shashanknadikatla/.m2/repository/org/springframework/boot/spring-boot-starter-json/3.3.1/spring-boot-starter-json-3.3.1.jar:/home/shashanknadikatla/.m2/repository/com/fasterxml/jackson/core/jackson-databind/2.17.1/jackson-databind-2.17.1.jar:/home/shashanknadikatla/.m2/repository/com/fasterxml/jackson/core/jackson-annotations/2.17.1/jackson-annotations-2.17.1.jar:/home/shashanknadikatla/.m2/repository/com/fasterxml/jackson/core/jackson-core/2.17.1/jackson-core-2.17.1.jar:/home/shashanknadikatla/.m2/repository/com/fasterxml/jackson/datatype/jackson-datatype-jdk8/2.17.1/jackson-datatype-jdk8-2.17.1.jar:/home/shashanknadikatla/.m2/repository/com/fasterxml/jackson/datatype/jackson-datatype-jsr310/2.17.1/jackson-datatype-jsr310-2.17.1.jar:/home/shashanknadikatla/.m2/repository/com/fasterxml/jackson/module/jackson-module-parameter-names/2.17.1/jackson-module-parameter-names-2.17.1.jar:/home/shashanknadikatla/.m2/repository/org/springframework/boot/spring-boot-starter-tomcat/3.3.1/spring-boot-starter-tomcat-3.3.1.jar:/home/shashanknadikatla/.m2/repository/org/apache/tomcat/embed/tomcat-embed-core/10.1.25/tomcat-embed-core-10.1.25.jar:/home/shashanknadikatla/.m2/repository/org/apache/tomcat/embed/tomcat-embed-el/10.1.25/tomcat-embed-el-10.1.25.jar:/home/shashanknadikatla/.m2/repository/org/apache/tomcat/embed/tomcat-embed-websocket/10.1.25/tomcat-embed-websocket-10.1.25.jar:/home/shashanknadikatla/.m2/repository/org/springframework/spring-web/6.1.10/spring-web-6.1.10.jar:/home/shashanknadikatla/.m2/repository/io/micrometer/micrometer-observation/1.13.1/micrometer-observation-1.13.1.jar:/home/shashanknadikatla/.m2/repository/io/micrometer/micrometer-commons/1.13.1/micrometer-commons-1.13.1.jar:/home/shashanknadikatla/.m2/repository/org/springframework/spring-webmvc/6.1.10/spring-webmvc-6.1.10.jar:/home/shashanknadikatla/.m2/repository/org/springframework/spring-aop/6.1.10/spring-aop-6.1.10.jar:/home/shashanknadikatla/.m2/repository/org/projectlombok/lombok/1.18.32/lombok-1.18.32.jar:/home/shashanknadikatla/.m2/repository/org/springframework/boot/spring-boot-starter-test/3.3.1/spring-boot-starter-test-3.3.1.jar:/home/shashanknadikatla/.m2/repository/org/springframework/boot/spring-boot-test/3.3.1/spring-boot-test-3.3.1.jar:/home/shashanknadikatla/.m2/repository/org/springframework/boot/spring-boot-test-autoconfigure/3.3.1/spring-boot-test-autoconfigure-3.3.1.jar:/home/shashanknadikatla/.m2/repository/com/jayway/jsonpath/json-path/2.9.0/json-path-2.9.0.jar:/home/shashanknadikatla/.m2/repository/jakarta/xml/bind/jakarta.xml.bind-api/4.0.2/jakarta.xml.bind-api-4.0.2.jar:/home/shashanknadikatla/.m2/repository/jakarta/activation/jakarta.activation-api/2.1.3/jakarta.activation-api-2.1.3.jar:/home/shashanknadikatla/.m2/repository/net/minidev/json-smart/2.5.1/json-smart-2.5.1.jar:/home/shashanknadikatla/.m2/repository/net/minidev/accessors-smart/2.5.1/accessors-smart-2.5.1.jar:/home/shashanknadikatla/.m2/repository/org/ow2/asm/asm/9.6/asm-9.6.jar:/home/shashanknadikatla/.m2/repository/org/assertj/assertj-core/3.25.3/assertj-core-3.25.3.jar:/home/shashanknadikatla/.m2/repository/net/bytebuddy/byte-buddy/1.14.17/byte-buddy-1.14.17.jar:/home/shashanknadikatla/.m2/repository/org/awaitility/awaitility/4.2.1/awaitility-4.2.1.jar:/home/shashanknadikatla/.m2/repository/org/hamcrest/hamcrest/2.2/hamcrest-2.2.jar:/home/shashanknadikatla/.m2/repository/org/junit/jupiter/junit-jupiter/5.10.2/junit-jupiter-5.10.2.jar:/home/shashanknadikatla/.m2/repository/org/junit/jupiter/junit-jupiter-api/5.10.2/junit-jupiter-api-5.10.2.jar:/home/shashanknadikatla/.m2/repository/org/opentest4j/opentest4j/1.3.0/opentest4j-1.3.0.jar:/home/shashanknadikatla/.m2/repository/org/junit/platform/junit-platform-commons/1.10.2/junit-platform-commons-1.10.2.jar:/home/shashanknadikatla/.m2/repository/org/apiguardian/apiguardian-api/1.1.2/apiguardian-api-1.1.2.jar:/home/shashanknadikatla/.m2/repository/org/junit/jupiter/junit-jupiter-params/5.10.2/junit-jupiter-params-5.10.2.jar:/home/shashanknadikatla/.m2/repository/org/junit/jupiter/junit-jupiter-engine/5.10.2/junit-jupiter-engine-5.10.2.jar:/home/shashanknadikatla/.m2/repository/org/junit/platform/junit-platform-engine/1.10.2/junit-platform-engine-1.10.2.jar:/home/shashanknadikatla/.m2/repository/org/mockito/mockito-core/5.11.0/mockito-core-5.11.0.jar:/home/shashanknadikatla/.m2/repository/net/bytebuddy/byte-buddy-agent/1.14.17/byte-buddy-agent-1.14.17.jar:/home/shashanknadikatla/.m2/repository/org/objenesis/objenesis/3.3/objenesis-3.3.jar:/home/shashanknadikatla/.m2/repository/org/mockito/mockito-junit-jupiter/5.11.0/mockito-junit-jupiter-5.11.0.jar:/home/shashanknadikatla/.m2/repository/org/skyscreamer/jsonassert/1.5.1/jsonassert-1.5.1.jar:/home/shashanknadikatla/.m2/repository/com/vaadin/external/google/android-json/0.0.20131108.vaadin1/android-json-0.0.20131108.vaadin1.jar:/home/shashanknadikatla/.m2/repository/org/springframework/spring-core/6.1.10/spring-core-6.1.10.jar:/home/shashanknadikatla/.m2/repository/org/springframework/spring-jcl/6.1.10/spring-jcl-6.1.10.jar:/home/shashanknadikatla/.m2/repository/org/springframework/spring-test/6.1.10/spring-test-6.1.10.jar:/home/shashanknadikatla/.m2/repository/org/xmlunit/xmlunit-core/2.9.1/xmlunit-core-2.9.1.jar:"/>
    <property name="java.vm.vendor" value="Ubuntu"/>
    <property name="sun.arch.data.model" value="64"/>
    <property name="java.vendor.url" value="https://ubuntu.com/"/>
    <property name="user.timezone" value="Asia/Kolkata"/>
    <property name="os.name" value="Linux"/>
    <property name="java.vm.specification.version" value="21"/>
    <property name="sun.java.launcher" value="SUN_STANDARD"/>
    <property name="user.country" value="IN"/>
    <property name="sun.boot.library.path" value="/usr/lib/jvm/java-21-openjdk-amd64/lib"/>
    <property name="sun.java.command" value="/home/shashanknadikatla/Downloads/Practice/heroku/Github Repos/todo-spring/target/surefire/surefirebooter-20240804212416685_3.jar /home/shashanknadikatla/Downloads/Practice/heroku/Github Repos/todo-spring/target/surefire 2024-08-04T21-24-16_587-jvmRun1 surefire-20240804212416685_1tmp surefire_0-20240804212416685_2tmp"/>
    <property name="jdk.debug" value="release"/>
    <property name="surefire.test.class.path" value="/home/shashanknadikatla/Downloads/Practice/heroku/Github Repos/todo-spring/target/test-classes:/home/shashanknadikatla/Downloads/Practice/heroku/Github Repos/todo-spring/target/classes:/home/shashanknadikatla/.m2/repository/org/springframework/boot/spring-boot-starter-data-mongodb/3.3.1/spring-boot-starter-data-mongodb-3.3.1.jar:/home/shashanknadikatla/.m2/repository/org/springframework/boot/spring-boot-starter/3.3.1/spring-boot-starter-3.3.1.jar:/home/shashanknadikatla/.m2/repository/org/springframework/boot/spring-boot/3.3.1/spring-boot-3.3.1.jar:/home/shashanknadikatla/.m2/repository/org/springframework/boot/spring-boot-autoconfigure/3.3.1/spring-boot-autoconfigure-3.3.1.jar:/home/shashanknadikatla/.m2/repository/org/springframework/boot/spring-boot-starter-logging/3.3.1/spring-boot-starter-logging-3.3.1.jar:/home/shashanknadikatla/.m2/repository/ch/qos/logback/logback-classic/1.5.6/logback-classic-1.5.6.jar:/home/shashanknadikatla/.m2/repository/ch/qos/logback/logback-core/1.5.6/logback-core-1.5.6.jar:/home/shashanknadikatla/.m2/repository/org/apache/logging/log4j/log4j-to-slf4j/2.23.1/log4j-to-slf4j-2.23.1.jar:/home/shashanknadikatla/.m2/repository/org/apache/logging/log4j/log4j-api/2.23.1/log4j-api-2.23.1.jar:/home/shashanknadikatla/.m2/repository/org/slf4j/jul-to-slf4j/2.0.13/jul-to-slf4j-2.0.13.jar:/home/shashanknadikatla/.m2/repository/jakarta/annotation/jakarta.annotation-api/2.1.1/jakarta.annotation-api-2.1.1.jar:/home/shashanknadikatla/.m2/repository/org/yaml/snakeyaml/2.2/snakeyaml-2.2.jar:/home/shashanknadikatla/.m2/repository/org/mongodb/mongodb-driver-sync/5.0.1/mongodb-driver-sync-5.0.1.jar:/home/shashanknadikatla/.m2/repository/org/mongodb/bson/5.0.1/bson-5.0.1.jar:/home/shashanknadikatla/.m2/repository/org/mongodb/mongodb-driver-core/5.0.1/mongodb-driver-core-5.0.1.jar:/home/shashanknadikatla/.m2/repository/org/mongodb/bson-record-codec/5.0.1/bson-record-codec-5.0.1.jar:/home/shashanknadikatla/.m2/repository/org/springframework/data/spring-data-mongodb/4.3.1/spring-data-mongodb-4.3.1.jar:/home/shashanknadikatla/.m2/repository/org/springframework/spring-tx/6.1.10/spring-tx-6.1.10.jar:/home/shashanknadikatla/.m2/repository/org/springframework/spring-context/6.1.10/spring-context-6.1.10.jar:/home/shashanknadikatla/.m2/repository/org/springframework/spring-beans/6.1.10/spring-beans-6.1.10.jar:/home/shashanknadikatla/.m2/repository/org/springframework/spring-expression/6.1.10/spring-expression-6.1.10.jar:/home/shashanknadikatla/.m2/repository/org/springframework/data/spring-data-commons/3.3.1/spring-data-commons-3.3.1.jar:/home/shashanknadikatla/.m2/repository/org/slf4j/slf4j-api/2.0.13/slf4j-api-2.0.13.jar:/home/shashanknadikatla/.m2/repository/org/springframework/boot/spring-boot-starter-web/3.3.1/spring-boot-starter-web-3.3.1.jar:/home/shashanknadikatla/.m2/repository/org/springframework/boot/spring-boot-starter-json/3.3.1/spring-boot-starter-json-3.3.1.jar:/home/shashanknadikatla/.m2/repository/com/fasterxml/jackson/core/jackson-databind/2.17.1/jackson-databind-2.17.1.jar:/home/shashanknadikatla/.m2/repository/com/fasterxml/jackson/core/jackson-annotations/2.17.1/jackson-annotations-2.17.1.jar:/home/shashanknadikatla/.m2/repository/com/fasterxml/jackson/core/jackson-core/2.17.1/jackson-core-2.17.1.jar:/home/shashanknadikatla/.m2/repository/com/fasterxml/jackson/datatype/jackson-datatype-jdk8/2.17.1/jackson-datatype-jdk8-2.17.1.jar:/home/shashanknadikatla/.m2/repository/com/fasterxml/jackson/datatype/jackson-datatype-jsr310/2.17.1/jackson-datatype-jsr310-2.17.1.jar:/home/shashanknadikatla/.m2/repository/com/fasterxml/jackson/module/jackson-module-parameter-names/2.17.1/jackson-module-parameter-names-2.17.1.jar:/home/shashanknadikatla/.m2/repository/org/springframework/boot/spring-boot-starter-tomcat/3.3.1/spring-boot-starter-tomcat-3.3.1.jar:/home/shashanknadikatla/.m2/repository/org/apache/tomcat/embed/tomcat-embed-core/10.1.25/tomcat-embed-core-10.1.25.jar:/home/shashanknadikatla/.m2/repository/org/apache/tomcat/embed/tomcat-embed-el/10.1.25/tomcat-embed-el-10.1.25.jar:/home/shashanknadikatla/.m2/repository/org/apache/tomcat/embed/tomcat-embed-websocket/10.1.25/tomcat-embed-websocket-10.1.25.jar:/home/shashanknadikatla/.m2/repository/org/springframework/spring-web/6.1.10/spring-web-6.1.10.jar:/home/shashanknadikatla/.m2/repository/io/micrometer/micrometer-observation/1.13.1/micrometer-observation-1.13.1.jar:/home/shashanknadikatla/.m2/repository/io/micrometer/micrometer-commons/1.13.1/micrometer-commons-1.13.1.jar:/home/shashanknadikatla/.m2/repository/org/springframework/spring-webmvc/6.1.10/spring-webmvc-6.1.10.jar:/home/shashanknadikatla/.m2/repository/org/springframework/spring-aop/6.1.10/spring-aop-6.1.10.jar:/home/shashanknadikatla/.m2/repository/org/projectlombok/lombok/1.18.32/lombok-1.18.32.jar:/home/shashanknadikatla/.m2/repository/org/springframework/boot/spring-boot-starter-test/3.3.1/spring-boot-starter-test-3.3.1.jar:/home/shashanknadikatla/.m2/repository/org/springframework/boot/spring-boot-test/3.3.1/spring-boot-test-3.3.1.jar:/home/shashanknadikatla/.m2/repository/org/springframework/boot/spring-boot-test-autoconfigure/3.3.1/spring-boot-test-autoconfigure-3.3.1.jar:/home/shashanknadikatla/.m2/repository/com/jayway/jsonpath/json-path/2.9.0/json-path-2.9.0.jar:/home/shashanknadikatla/.m2/repository/jakarta/xml/bind/jakarta.xml.bind-api/4.0.2/jakarta.xml.bind-api-4.0.2.jar:/home/shashanknadikatla/.m2/repository/jakarta/activation/jakarta.activation-api/2.1.3/jakarta.activation-api-2.1.3.jar:/home/shashanknadikatla/.m2/repository/net/minidev/json-smart/2.5.1/json-smart-2.5.1.jar:/home/shashanknadikatla/.m2/repository/net/minidev/accessors-smart/2.5.1/accessors-smart-2.5.1.jar:/home/shashanknadikatla/.m2/repository/org/ow2/asm/asm/9.6/asm-9.6.jar:/home/shashanknadikatla/.m2/repository/org/assertj/assertj-core/3.25.3/assertj-core-3.25.3.jar:/home/shashanknadikatla/.m2/repository/net/bytebuddy/byte-buddy/1.14.17/byte-buddy-1.14.17.jar:/home/shashanknadikatla/.m2/repository/org/awaitility/awaitility/4.2.1/awaitility-4.2.1.jar:/home/shashanknadikatla/.m2/repository/org/hamcrest/hamcrest/2.2/hamcrest-2.2.jar:/home/shashanknadikatla/.m2/repository/org/junit/jupiter/junit-jupiter/5.10.2/junit-jupiter-5.10.2.jar:/home/shashanknadikatla/.m2/repository/org/junit/jupiter/junit-jupiter-api/5.10.2/junit-jupiter-api-5.10.2.jar:/home/shashanknadikatla/.m2/repository/org/opentest4j/opentest4j/1.3.0/opentest4j-1.3.0.jar:/home/shashanknadikatla/.m2/repository/org/junit/platform/junit-platform-commons/1.10.2/junit-platform-commons-1.10.2.jar:/home/shashanknadikatla/.m2/repository/org/apiguardian/apiguardian-api/1.1.2/apiguardian-api-1.1.2.jar:/home/shashanknadikatla/.m2/repository/org/junit/jupiter/junit-jupiter-params/5.10.2/junit-jupiter-params-5.10.2.jar:/home/shashanknadikatla/.m2/repository/org/junit/jupiter/junit-jupiter-engine/5.10.2/junit-jupiter-engine-5.10.2.jar:/home/shashanknadikatla/.m2/repository/org/junit/platform/junit-platform-engine/1.10.2/junit-platform-engine-1.10.2.jar:/home/shashanknadikatla/.m2/repository/org/mockito/mockito-core/5.11.0/mockito-core-5.11.0.jar:/home/shashanknadikatla/.m2/repository/net/bytebuddy/byte-buddy-agent/1.14.17/byte-buddy-agent-1.14.17.jar:/home/shashanknadikatla/.m2/repository/org/objenesis/objenesis/3.3/objenesis-3.3.jar:/home/shashanknadikatla/.m2/repository/org/mockito/mockito-junit-jupiter/5.11.0/mockito-junit-jupiter-5.11.0.jar:/home/shashanknadikatla/.m2/repository/org/skyscreamer/jsonassert/1.5.1/jsonassert-1.5.1.jar:/home/shashanknadikatla/.m2/repository/com/vaadin/external/google/android-json/0.0.20131108.vaadin1/android-json-0.0.20131108.vaadin1.jar:/home/shashanknadikatla/.m2/repository/org/springframework/spring-core/6.1.10/spring-core-6.1.10.jar:/home/shashanknadikatla/.m2/repository/org/springframework/spring-jcl/6.1.10/spring-jcl-6.1.10.jar:/home/shashanknadikatla/.m2/repository/org/springframework/spring-test/6.1.10/spring-test-6.1.10.jar:/home/shashanknadikatla/.m2/repository/org/xmlunit/xmlunit-core/2.9.1/xmlunit-core-2.9.1.jar:"/>
    <property name="sun.cpu.endian" value="little"/>
    <property name="user.home" value="/home/shashanknadikatla"/>
    <property name="user.language" value="en"/>
    <property name="java.specification.vendor" value="Oracle Corporation"/>
    <property name="java.version.date" value="2024-07-16"/>
    <property name="java.home" value="/usr/lib/jvm/java-21-openjdk-amd64"/>
    <property name="file.separator" value="/"/>
    <property name="basedir" value="/home/shashanknadikatla/Downloads/Practice/heroku/Github Repos/todo-spring"/>
    <property name="java.vm.compressedOopsMode" value="Zero based"/>
    <property name="line.separator" value="&#10;"/>
    <property name="java.vm.specification.vendor" value="Oracle Corporation"/>
    <property name="java.specification.name" value="Java Platform API Specification"/>
    <property name="FILE_LOG_CHARSET" value="UTF-8"/>
    <property name="java.awt.headless" value="true"/>
    <property name="surefire.real.class.path" value="/home/shashanknadikatla/Downloads/Practice/heroku/Github Repos/todo-spring/target/surefire/surefirebooter-20240804212416685_3.jar"/>
    <property name="sun.management.compiler" value="HotSpot 64-Bit Tiered Compilers"/>
    <property name="java.runtime.version" value="21.0.4+7-Ubuntu-1ubuntu222.04"/>
    <property name="user.name" value="shashanknadikatla"/>
    <property name="stdout.encoding" value="UTF-8"/>
    <property name="path.separator" value=":"/>
    <property name="os.version" value="6.5.0-44-generic"/>
    <property name="java.runtime.name" value="OpenJDK Runtime Environment"/>
    <property name="file.encoding" value="UTF-8"/>
    <property name="java.vm.name" value="OpenJDK 64-Bit Server VM"/>
    <property name="localRepository" value="/home/shashanknadikatla/.m2/repository"/>
    <property name="java.vendor.url.bug" value="https://bugs.launchpad.net/ubuntu/+source/openjdk-21"/>
    <property name="java.io.tmpdir" value="/tmp"/>
    <property name="java.version" value="21.0.4"/>
    <property name="user.dir" value="/home/shashanknadikatla/Downloads/Practice/heroku/Github Repos/todo-spring"/>
    <property name="os.arch" value="amd64"/>
    <property name="java.vm.specification.name" value="Java Virtual Machine Specification"/>
    <property name="PID" value="1137650"/>
    <property name="CONSOLE_LOG_CHARSET" value="UTF-8"/>
    <property name="native.encoding" value="UTF-8"/>
    <property name="java.library.path" value="/usr/java/packages/lib:/usr/lib/x86_64-linux-gnu/jni:/lib/x86_64-linux-gnu:/usr/lib/x86_64-linux-gnu:/usr/lib/jni:/lib:/usr/lib"/>
    <property name="java.vm.info" value="mixed mode, sharing"/>
    <property name="stderr.encoding" value="UTF-8"/>
    <property name="java.vendor" value="Ubuntu"/>
    <property name="java.vm.version" value="21.0.4+7-Ubuntu-1ubuntu222.04"/>
    <property name="sun.io.unicode.encoding" value="UnicodeLittle"/>
    <property name="java.class.version" value="65.0"/>
    <property name="LOGGED_APPLICATION_NAME" value="[ToDoList] "/>
  </properties>
  <testcase name="contextLoads" classname="com.example.ToDoList.ToDoListApplicationTests" time="1.077">
    <system-out><![CDATA[21:24:17.448 [main] INFO org.springframework.test.context.support.AnnotationConfigContextLoaderUtils -- Could not detect default configuration classes for test class [com.example.ToDoList.ToDoListApplicationTests]: ToDoListApplicationTests does not declare any static, non-private, non-final, nested classes annotated with @Configuration.
21:24:17.547 [main] INFO org.springframework.boot.test.context.SpringBootTestContextBootstrapper -- Found @SpringBootConfiguration com.example.ToDoList.ToDoListApplication for test class com.example.ToDoList.ToDoListApplicationTests

  .   ____          _            __ _ _
 /\\ / ___'_ __ _ _(_)_ __  __ _ \ \ \ \
( ( )\___ | '_ | '_| | '_ \/ _` | \ \ \ \
 \\/  ___)| |_)| | | | | || (_| |  ) ) ) )
  '  |____| .__|_| |_|_| |_\__, | / / / /
 =========|_|==============|___/=/_/_/_/

 :: Spring Boot ::                (v3.3.1)

2024-08-04T21:24:18.031+05:30  INFO 1137650 --- [ToDoList] [           main] c.e.ToDoList.ToDoListApplicationTests    : Starting ToDoListApplicationTests using Java 21.0.4 with PID 1137650 (started by shashanknadikatla in /home/shashanknadikatla/Downloads/Practice/heroku/Github Repos/todo-spring)
2024-08-04T21:24:18.033+05:30  INFO 1137650 --- [ToDoList] [           main] c.e.ToDoList.ToDoListApplicationTests    : No active profile set, falling back to 1 default profile: "default"
2024-08-04T21:24:18.745+05:30  INFO 1137650 --- [ToDoList] [           main] .s.d.r.c.RepositoryConfigurationDelegate : Bootstrapping Spring Data MongoDB repositories in DEFAULT mode.
2024-08-04T21:24:18.797+05:30  INFO 1137650 --- [ToDoList] [           main] .s.d.r.c.RepositoryConfigurationDelegate : Finished Spring Data repository scanning in 46 ms. Found 1 MongoDB repository interface.
2024-08-04T21:24:19.621+05:30  INFO 1137650 --- [ToDoList] [           main] org.mongodb.driver.client                : MongoClient with metadata {"driver": {"name": "mongo-java-driver|sync|spring-boot", "version": "5.0.1"}, "os": {"type": "Linux", "name": "Linux", "architecture": "amd64", "version": "6.5.0-44-generic"}, "platform": "Java/Ubuntu/21.0.4+7-Ubuntu-1ubuntu222.04"} created with settings MongoClientSettings{readPreference=primary, writeConcern=WriteConcern{w=majority, wTimeout=null ms, journal=null}, retryWrites=true, retryReads=true, readConcern=ReadConcern{level=null}, credential=MongoCredential{mechanism=null, userName='ryukxhost', source='admin', password=<hidden>, mechanismProperties=<hidden>}, transportSettings=null, commandListeners=[], codecRegistry=ProvidersCodecRegistry{codecProviders=[ValueCodecProvider{}, BsonValueCodecProvider{}, DBRefCodecProvider{}, DBObjectCodecProvider{}, DocumentCodecProvider{}, CollectionCodecProvider{}, IterableCodecProvider{}, MapCodecProvider{}, GeoJsonCodecProvider{}, GridFSFileCodecProvider{}, Jsr310CodecProvider{}, JsonObjectCodecProvider{}, BsonCodecProvider{}, EnumCodecProvider{}, com.mongodb.client.model.mql.ExpressionCodecProvider@3a4ab7f7, com.mongodb.Jep395RecordCodecProvider@6badba10, com.mongodb.KotlinCodecProvider@2b7e8044]}, loggerSettings=LoggerSettings{maxDocumentLength=1000}, clusterSettings={hosts=[127.0.0.1:27017], srvHost=ryukcluster.f3pmi4m.mongodb.net, srvServiceName=mongodb, mode=MULTIPLE, requiredClusterType=REPLICA_SET, requiredReplicaSetName='atlas-awv4dw-shard-0', serverSelector='null', clusterListeners='[]', serverSelectionTimeout='30000 ms', localThreshold='15 ms'}, socketSettings=SocketSettings{connectTimeoutMS=10000, readTimeoutMS=0, receiveBufferSize=0, proxySettings=ProxySettings{host=null, port=null, username=null, password=null}}, heartbeatSocketSettings=SocketSettings{connectTimeoutMS=10000, readTimeoutMS=10000, receiveBufferSize=0, proxySettings=ProxySettings{host=null, port=null, username=null, password=null}}, connectionPoolSettings=ConnectionPoolSettings{maxSize=100, minSize=0, maxWaitTimeMS=120000, maxConnectionLifeTimeMS=0, maxConnectionIdleTimeMS=0, maintenanceInitialDelayMS=0, maintenanceFrequencyMS=60000, connectionPoolListeners=[], maxConnecting=2}, serverSettings=ServerSettings{heartbeatFrequencyMS=10000, minHeartbeatFrequencyMS=500, serverListeners='[]', serverMonitorListeners='[]'}, sslSettings=SslSettings{enabled=true, invalidHostNameAllowed=false, context=null}, applicationName='null', compressorList=[], uuidRepresentation=JAVA_LEGACY, serverApi=null, autoEncryptionSettings=null, dnsClient=null, inetAddressResolver=null, contextProvider=null}
2024-08-04T21:24:19.958+05:30  INFO 1137650 --- [ToDoList] [i4m.mongodb.net] org.mongodb.driver.cluster               : Adding discovered server ac-re6hxye-shard-00-00.f3pmi4m.mongodb.net:27017 to client view of cluster
2024-08-04T21:24:19.999+05:30  INFO 1137650 --- [ToDoList] [i4m.mongodb.net] org.mongodb.driver.cluster               : Adding discovered server ac-re6hxye-shard-00-01.f3pmi4m.mongodb.net:27017 to client view of cluster
2024-08-04T21:24:20.004+05:30  INFO 1137650 --- [ToDoList] [i4m.mongodb.net] org.mongodb.driver.cluster               : Adding discovered server ac-re6hxye-shard-00-02.f3pmi4m.mongodb.net:27017 to client view of cluster
2024-08-04T21:24:20.885+05:30  INFO 1137650 --- [ToDoList] [           main] c.e.ToDoList.ToDoListApplicationTests    : Started ToDoListApplicationTests in 3.205 seconds (process running for 4.131)
2024-08-04T21:24:21.150+05:30  INFO 1137650 --- [ToDoList] [ngodb.net:27017] org.mongodb.driver.cluster               : Monitor thread successfully connected to server with description ServerDescription{address=ac-re6hxye-shard-00-02.f3pmi4m.mongodb.net:27017, type=REPLICA_SET_SECONDARY, state=CONNECTED, ok=true, minWireVersion=0, maxWireVersion=21, maxDocumentSize=16777216, logicalSessionTimeoutMinutes=30, roundTripTimeNanos=528667008, setName='atlas-awv4dw-shard-0', canonicalAddress=ac-re6hxye-shard-00-02.f3pmi4m.mongodb.net:27017, hosts=[ac-re6hxye-shard-00-00.f3pmi4m.mongodb.net:27017, ac-re6hxye-shard-00-01.f3pmi4m.mongodb.net:27017, ac-re6hxye-shard-00-02.f3pmi4m.mongodb.net:27017], passives=[], arbiters=[], primary='ac-re6hxye-shard-00-01.f3pmi4m.mongodb.net:27017', tagSet=TagSet{[Tag{name='availabilityZone', value='aps1-az2'}, Tag{name='diskState', value='READY'}, Tag{name='nodeType', value='ELECTABLE'}, Tag{name='provider', value='AWS'}, Tag{name='region', value='AP_SOUTH_1'}, Tag{name='workloadType', value='OPERATIONAL'}]}, electionId=null, setVersion=46, topologyVersion=TopologyVersion{processId=66af2d186a9ffa9cf8ac09ca, counter=5}, lastWriteDate=Sun Aug 04 21:24:21 IST 2024, lastUpdateTimeNanos=51867758252059}
2024-08-04T21:24:21.151+05:30  INFO 1137650 --- [ToDoList] [ngodb.net:27017] org.mongodb.driver.cluster               : Monitor thread successfully connected to server with description ServerDescription{address=ac-re6hxye-shard-00-01.f3pmi4m.mongodb.net:27017, type=REPLICA_SET_PRIMARY, state=CONNECTED, ok=true, minWireVersion=0, maxWireVersion=21, maxDocumentSize=16777216, logicalSessionTimeoutMinutes=30, roundTripTimeNanos=526894202, setName='atlas-awv4dw-shard-0', canonicalAddress=ac-re6hxye-shard-00-01.f3pmi4m.mongodb.net:27017, hosts=[ac-re6hxye-shard-00-00.f3pmi4m.mongodb.net:27017, ac-re6hxye-shard-00-01.f3pmi4m.mongodb.net:27017, ac-re6hxye-shard-00-02.f3pmi4m.mongodb.net:27017], passives=[], arbiters=[], primary='ac-re6hxye-shard-00-01.f3pmi4m.mongodb.net:27017', tagSet=TagSet{[Tag{name='availabilityZone', value='aps1-az3'}, Tag{name='diskState', value='READY'}, Tag{name='nodeType', value='ELECTABLE'}, Tag{name='provider', value='AWS'}, Tag{name='region', value='AP_SOUTH_1'}, Tag{name='workloadType', value='OPERATIONAL'}]}, electionId=7fffffff0000000000000039, setVersion=46, topologyVersion=TopologyVersion{processId=66af2a8e7bd93b8214f0ff1b, counter=9}, lastWriteDate=Sun Aug 04 21:24:21 IST 2024, lastUpdateTimeNanos=51867758251998}
2024-08-04T21:24:21.154+05:30  INFO 1137650 --- [ToDoList] [ngodb.net:27017] org.mongodb.driver.cluster               : Monitor thread successfully connected to server with description ServerDescription{address=ac-re6hxye-shard-00-00.f3pmi4m.mongodb.net:27017, type=REPLICA_SET_SECONDARY, state=CONNECTED, ok=true, minWireVersion=0, maxWireVersion=21, maxDocumentSize=16777216, logicalSessionTimeoutMinutes=30, roundTripTimeNanos=524746587, setName='atlas-awv4dw-shard-0', canonicalAddress=ac-re6hxye-shard-00-00.f3pmi4m.mongodb.net:27017, hosts=[ac-re6hxye-shard-00-00.f3pmi4m.mongodb.net:27017, ac-re6hxye-shard-00-01.f3pmi4m.mongodb.net:27017, ac-re6hxye-shard-00-02.f3pmi4m.mongodb.net:27017], passives=[], arbiters=[], primary='ac-re6hxye-shard-00-01.f3pmi4m.mongodb.net:27017', tagSet=TagSet{[Tag{name='availabilityZone', value='aps1-az1'}, Tag{name='diskState', value='READY'}, Tag{name='nodeType', value='ELECTABLE'}, Tag{name='provider', value='AWS'}, Tag{name='region', value='AP_SOUTH_1'}, Tag{name='workloadType', value='OPERATIONAL'}]}, electionId=null, setVersion=46, topologyVersion=TopologyVersion{processId=66af2bd37ee9a972a5a88ceb, counter=5}, lastWriteDate=Sun Aug 04 21:24:21 GMT+05:30 2024, lastUpdateTimeNanos=51867759743195}
2024-08-04T21:24:21.165+05:30  INFO 1137650 --- [ToDoList] [ngodb.net:27017] org.mongodb.driver.cluster               : Discovered replica set primary ac-re6hxye-shard-00-01.f3pmi4m.mongodb.net:27017 with max election id 7fffffff0000000000000039 and max set version 46
]]></system-out>
    <system-err><![CDATA[WARNING: A Java agent has been loaded dynamically (/home/shashanknadikatla/.m2/repository/net/bytebuddy/byte-buddy-agent/1.14.17/byte-buddy-agent-1.14.17.jar)
WARNING: If a serviceability tool is in use, please run with -XX:+EnableDynamicAgentLoading to hide this warning
WARNING: If a serviceability tool is not in use, please run with -Djdk.instrument.traceUsage for more information
WARNING: Dynamic loading of agents will be disallowed by default in a future release
]]></system-err>
  </testcase>
</testsuite>